<?xml version="1.0" encoding="utf-8"?><testsuites name="pytest tests"><testsuite name="pytest" errors="0" failures="0" skipped="0" tests="7" time="1.108" timestamp="2026-02-26T11:26:39.031728+00:00" hostname="agent-env-997eed77-c986-4ec4-93e6-da1460342fc9"><testcase classname="backend.tests.test_contact_api.TestContactAPI" name="test_contact_submit_success" time="0.228" /><testcase classname="backend.tests.test_contact_api.TestContactAPI" name="test_contact_missing_name" time="0.103" /><testcase classname="backend.tests.test_contact_api.TestContactAPI" name="test_contact_missing_email" time="0.114" /><testcase classname="backend.tests.test_contact_api.TestContactAPI" name="test_contact_missing_subject" time="0.136" /><testcase classname="backend.tests.test_contact_api.TestContactAPI" name="test_contact_missing_message" time="0.134" /><testcase classname="backend.tests.test_contact_api.TestContactAPI" name="test_contact_empty_body" time="0.107" /><testcase classname="backend.tests.test_contact_api.TestAPIHealth" name="test_api_root" time="0.105" /></testsuite></testsuites>